<?xml version="1.0" encoding="UTF-8"?>
<!-- Generated by org.testng.reporters.JUnitReportReporter -->
<testsuite hostname="User-PC" failures="0" tests="1" name="propertyExcel.Cookies" time="16.984" errors="0" timestamp="2021-09-05T13:36:48 IST" skipped="0">
  <testcase classname="propertyExcel.Cookies" name="deleteCookieNamedExample" time="16.984"/>
  <system-out/>
</testsuite> <!-- propertyExcel.Cookies -->
